1000 /home/pk/Desktop/COURSES/Systems_Security/Assigns_2021/Assignments/mine/Assignment3/src_corpus/file0 Sun Nov 28 14:48:11 2021 1 0 0
1000 /home/pk/Desktop/COURSES/Systems_Security/Assigns_2021/Assignments/mine/Assignment3/src_corpus/file0 Sun Nov 28 14:48:11 2021 3 0 B22170B6E2C9A33F45B90C7FD7260D2F
1000 /home/pk/Desktop/COURSES/Systems_Security/Assigns_2021/Assignments/mine/Assignment3/src_corpus/file1 Sun Nov 28 14:48:11 2021 1 0 0
1000 /home/pk/Desktop/COURSES/Systems_Security/Assigns_2021/Assignments/mine/Assignment3/src_corpus/file1 Sun Nov 28 14:48:11 2021 3 0 826E8142E6BAABE8AF779F5F490CF5F5
1000 /home/pk/Desktop/COURSES/Systems_Security/Assigns_2021/Assignments/mine/Assignment3/src_corpus/file2 Sun Nov 28 14:48:11 2021 1 0 0
1000 /home/pk/Desktop/COURSES/Systems_Security/Assigns_2021/Assignments/mine/Assignment3/src_corpus/file2 Sun Nov 28 14:48:11 2021 3 0 1C1C96FD2CF8330DB0BFA936CE82F3B9
1000 /home/pk/Desktop/COURSES/Systems_Security/Assigns_2021/Assignments/mine/Assignment3/src_corpus/file3 Sun Nov 28 14:48:11 2021 1 0 0
1000 /home/pk/Desktop/COURSES/Systems_Security/Assigns_2021/Assignments/mine/Assignment3/src_corpus/file3 Sun Nov 28 14:48:11 2021 3 0 2548729E9C3C60CC3789DFB2408E475D
1000 /home/pk/Desktop/COURSES/Systems_Security/Assigns_2021/Assignments/mine/Assignment3/src_corpus/file4 Sun Nov 28 14:48:11 2021 1 0 0
1000 /home/pk/Desktop/COURSES/Systems_Security/Assigns_2021/Assignments/mine/Assignment3/src_corpus/file4 Sun Nov 28 14:48:11 2021 3 0 025AD219ECE1125A8F5A0E74E32676CB
1000 /home/pk/Desktop/COURSES/Systems_Security/Assigns_2021/Assignments/mine/Assignment3/src_corpus/file5 Sun Nov 28 14:48:11 2021 1 0 0
1000 /home/pk/Desktop/COURSES/Systems_Security/Assigns_2021/Assignments/mine/Assignment3/src_corpus/file5 Sun Nov 28 14:48:11 2021 3 0 33E28153F08DCD28A4C4292AD4C866AF
1000 /home/pk/Desktop/COURSES/Systems_Security/Assigns_2021/Assignments/mine/Assignment3/src_corpus/file6 Sun Nov 28 14:48:11 2021 1 0 0
1000 /home/pk/Desktop/COURSES/Systems_Security/Assigns_2021/Assignments/mine/Assignment3/src_corpus/file6 Sun Nov 28 14:48:11 2021 3 0 0BDD0D11FD90E8A6BF25E9C10737F67F
1000 /home/pk/Desktop/COURSES/Systems_Security/Assigns_2021/Assignments/mine/Assignment3/src_corpus/file7 Sun Nov 28 14:48:11 2021 1 0 0
1000 /home/pk/Desktop/COURSES/Systems_Security/Assigns_2021/Assignments/mine/Assignment3/src_corpus/file7 Sun Nov 28 14:48:11 2021 3 0 F1BD31CD5980D7D45D78A6782FEE5A6D
1000 /home/pk/Desktop/COURSES/Systems_Security/Assigns_2021/Assignments/mine/Assignment3/src_corpus/file8 Sun Nov 28 14:48:11 2021 1 0 0
1000 /home/pk/Desktop/COURSES/Systems_Security/Assigns_2021/Assignments/mine/Assignment3/src_corpus/file8 Sun Nov 28 14:48:11 2021 3 0 5DFE902313BC632937C7E5917D9A0408
1000 /home/pk/Desktop/COURSES/Systems_Security/Assigns_2021/Assignments/mine/Assignment3/src_corpus/file9 Sun Nov 28 14:48:11 2021 1 0 0
1000 /home/pk/Desktop/COURSES/Systems_Security/Assigns_2021/Assignments/mine/Assignment3/src_corpus/file9 Sun Nov 28 14:48:11 2021 3 0 308AEF6E4854747BADE34C07D306DBBA
1000 /home/pk/Desktop/COURSES/Systems_Security/Assigns_2021/Assignments/mine/Assignment3/src_corpus/file0 Sun Nov 28 14:48:11 2021 2 1 0
1000 /home/pk/Desktop/COURSES/Systems_Security/Assigns_2021/Assignments/mine/Assignment3/src_corpus/file1 Sun Nov 28 14:48:11 2021 2 1 0
1000 /home/pk/Desktop/COURSES/Systems_Security/Assigns_2021/Assignments/mine/Assignment3/src_corpus/file2 Sun Nov 28 14:48:11 2021 2 1 0
1000 /home/pk/Desktop/COURSES/Systems_Security/Assigns_2021/Assignments/mine/Assignment3/src_corpus/file3 Sun Nov 28 14:48:11 2021 2 1 0
1000 /home/pk/Desktop/COURSES/Systems_Security/Assigns_2021/Assignments/mine/Assignment3/src_corpus/file4 Sun Nov 28 14:48:11 2021 2 1 0
1000 /home/pk/Desktop/COURSES/Systems_Security/Assigns_2021/Assignments/mine/Assignment3/src_corpus/file5 Sun Nov 28 14:48:11 2021 2 1 0
1000 /home/pk/Desktop/COURSES/Systems_Security/Assigns_2021/Assignments/mine/Assignment3/src_corpus/file6 Sun Nov 28 14:48:11 2021 2 1 0
1000 /home/pk/Desktop/COURSES/Systems_Security/Assigns_2021/Assignments/mine/Assignment3/src_corpus/file7 Sun Nov 28 14:48:11 2021 2 1 0
1000 /home/pk/Desktop/COURSES/Systems_Security/Assigns_2021/Assignments/mine/Assignment3/src_corpus/file8 Sun Nov 28 14:48:11 2021 2 1 0
1000 /home/pk/Desktop/COURSES/Systems_Security/Assigns_2021/Assignments/mine/Assignment3/src_corpus/file9 Sun Nov 28 14:48:11 2021 2 1 0
1000 /home/pk/Desktop/COURSES/Systems_Security/Assigns_2021/Assignments/mine/Assignment3/src_corpus/file0 Sun Nov 28 14:48:11 2021 3 0 B22170B6E2C9A33F45B90C7FD7260D2F
1000 /home/pk/Desktop/COURSES/Systems_Security/Assigns_2021/Assignments/mine/Assignment3/src_corpus/file0 Sun Nov 28 14:48:11 2021 3 0 A75D38414B26DBA92131E3C91B002FC3
1000 /home/pk/Desktop/COURSES/Systems_Security/Assigns_2021/Assignments/mine/Assignment3/src_corpus/file1 Sun Nov 28 14:48:11 2021 3 0 826E8142E6BAABE8AF779F5F490CF5F5
1000 /home/pk/Desktop/COURSES/Systems_Security/Assigns_2021/Assignments/mine/Assignment3/src_corpus/file1 Sun Nov 28 14:48:11 2021 3 0 08D9F5FEE3C6DAD4CDDA1AB4D36DEB95
1000 /home/pk/Desktop/COURSES/Systems_Security/Assigns_2021/Assignments/mine/Assignment3/src_corpus/file2 Sun Nov 28 14:48:11 2021 3 0 1C1C96FD2CF8330DB0BFA936CE82F3B9
1000 /home/pk/Desktop/COURSES/Systems_Security/Assigns_2021/Assignments/mine/Assignment3/src_corpus/file2 Sun Nov 28 14:48:11 2021 3 0 1858D01A8D84806C9998F8EC81E9B774
1000 /home/pk/Desktop/COURSES/Systems_Security/Assigns_2021/Assignments/mine/Assignment3/src_corpus/file3 Sun Nov 28 14:48:11 2021 3 0 2548729E9C3C60CC3789DFB2408E475D
1000 /home/pk/Desktop/COURSES/Systems_Security/Assigns_2021/Assignments/mine/Assignment3/src_corpus/file3 Sun Nov 28 14:48:11 2021 3 0 FD9D88EF6207E72F1FE6567AFECC7AA5
1000 /home/pk/Desktop/COURSES/Systems_Security/Assigns_2021/Assignments/mine/Assignment3/src_corpus/file4 Sun Nov 28 14:48:11 2021 3 0 025AD219ECE1125A8F5A0E74E32676CB
1000 /home/pk/Desktop/COURSES/Systems_Security/Assigns_2021/Assignments/mine/Assignment3/src_corpus/file4 Sun Nov 28 14:48:11 2021 3 0 E0CA1BB25EA7B925E7BBA593CAE8D1F0
1000 /home/pk/Desktop/COURSES/Systems_Security/Assigns_2021/Assignments/mine/Assignment3/src_corpus/file5 Sun Nov 28 14:48:11 2021 3 0 33E28153F08DCD28A4C4292AD4C866AF
1000 /home/pk/Desktop/COURSES/Systems_Security/Assigns_2021/Assignments/mine/Assignment3/src_corpus/file5 Sun Nov 28 14:48:11 2021 3 0 F3A0A7620362CC8F4C856E0AD86C0DFA
1000 /home/pk/Desktop/COURSES/Systems_Security/Assigns_2021/Assignments/mine/Assignment3/src_corpus/file6 Sun Nov 28 14:48:11 2021 3 0 0BDD0D11FD90E8A6BF25E9C10737F67F
1000 /home/pk/Desktop/COURSES/Systems_Security/Assigns_2021/Assignments/mine/Assignment3/src_corpus/file6 Sun Nov 28 14:48:11 2021 3 0 7D08600BC6C45D58AE24B6348FE7BBD8
1000 /home/pk/Desktop/COURSES/Systems_Security/Assigns_2021/Assignments/mine/Assignment3/src_corpus/file7 Sun Nov 28 14:48:11 2021 3 0 F1BD31CD5980D7D45D78A6782FEE5A6D
1000 /home/pk/Desktop/COURSES/Systems_Security/Assigns_2021/Assignments/mine/Assignment3/src_corpus/file7 Sun Nov 28 14:48:11 2021 3 0 75BC342332B117EE0EDA854D5A303695
1000 /home/pk/Desktop/COURSES/Systems_Security/Assigns_2021/Assignments/mine/Assignment3/src_corpus/file8 Sun Nov 28 14:48:11 2021 3 0 5DFE902313BC632937C7E5917D9A0408
1000 /home/pk/Desktop/COURSES/Systems_Security/Assigns_2021/Assignments/mine/Assignment3/src_corpus/file8 Sun Nov 28 14:48:11 2021 3 0 537EAAD84E2CCC2348F8F121DCABCD12
1000 /home/pk/Desktop/COURSES/Systems_Security/Assigns_2021/Assignments/mine/Assignment3/src_corpus/file9 Sun Nov 28 14:48:11 2021 3 0 308AEF6E4854747BADE34C07D306DBBA
1000 /home/pk/Desktop/COURSES/Systems_Security/Assigns_2021/Assignments/mine/Assignment3/src_corpus/file9 Sun Nov 28 14:48:11 2021 3 0 51F2889E8A057D6EA5D444F84EB17485
